<?xml version="1.0" encoding="UTF-8"?>
<testng-results skipped="0" failed="0" ignored="0" total="1" passed="1">
  <reporter-output>
  </reporter-output>
  <suite name="Default suite" duration-ms="87158" started-at="2020-12-04T13:15:14Z" finished-at="2020-12-04T13:16:41Z">
    <groups>
    </groups>
    <test name="Default test" duration-ms="87158" started-at="2020-12-04T13:15:14Z" finished-at="2020-12-04T13:16:41Z">
      <class name="com.qa.SelectDropdown.WithoutUsingSelect">
        <test-method status="PASS" signature="setUp()[pri:0, instance:com.qa.SelectDropdown.WithoutUsingSelect@c0edeb]" name="setUp" is-config="true" duration-ms="70832" started-at="2020-12-04T13:15:14Z" finished-at="2020-12-04T13:16:25Z">
          <reporter-output>
          </reporter-output>
        </test-method> <!-- setUp -->
        <test-method status="PASS" signature="dropdownTest()[pri:1, instance:com.qa.SelectDropdown.WithoutUsingSelect@c0edeb]" name="dropdownTest" duration-ms="16184" started-at="2020-12-04T13:16:25Z" finished-at="2020-12-04T13:16:41Z">
          <reporter-output>
          </reporter-output>
        </test-method> <!-- dropdownTest -->
      </class> <!-- com.qa.SelectDropdown.WithoutUsingSelect -->
    </test> <!-- Default test -->
  </suite> <!-- Default suite -->
</testng-results>
